---------------------------------------------------------------
[ 2021-09-07T12:07:32+08:00 ] 10.211.55.2 GET /
[ sql ] [ DB ] CONNECT:[ UseTime:0.004182s ] mysql:host=127.0.0.1;port=3306;dbname=nnd;charset=utf8
[ sql ] [ SQL ] SHOW COLUMNS FROM `config` [ RunTime:0.006773s ]
[ sql ] [ SQL ] SELECT * FROM `config` WHERE  `token` = 'hello.group' LIMIT 1 [ RunTime:0.002830s ]
---------------------------------------------------------------
[ 2021-09-07T12:08:58+08:00 ] 10.211.55.2 POST /signin
[ sql ] [ DB ] CONNECT:[ UseTime:0.001804s ] mysql:host=127.0.0.1;port=3306;dbname=nnd;charset=utf8
[ sql ] [ SQL ] SHOW COLUMNS FROM `config` [ RunTime:0.001926s ]
[ sql ] [ SQL ] SELECT * FROM `config` WHERE  `token` = 'hello.group' LIMIT 1 [ RunTime:0.000824s ]
[ sql ] [ SQL ] SHOW COLUMNS FROM `account` [ RunTime:0.002846s ]
[ sql ] [ SQL ] SELECT `uid`,`type`,`status`,`username`,`authen`,`inviter` FROM `account` WHERE  `username` = '17788889999'  AND `password` = 'e67b36ddd09a671967939cfe2b0255cf' LIMIT 1 [ RunTime:0.000981s ]
[ sql ] [ SQL ] SHOW COLUMNS FROM `profile` [ RunTime:0.001581s ]
[ sql ] [ SQL ] SELECT `username`,`nickname`,`avatar`,`wechat`,`qq`,`alipay`,`realname`,`idcard`,`certificate`,`authen_reason`,`bankname`,`bankcard`,`bankaddress`,`phone`,`province`,`city`,`county` FROM `profile` WHERE  `username` = '17788889999' LIMIT 1 [ RunTime:0.001485s ]
[ sql ] [ SQL ] SHOW COLUMNS FROM `wallet` [ RunTime:0.001618s ]
[ sql ] [ SQL ] SELECT `username`,`money`,`deposit`,`score`,`score_deposit`,`spend`,`profit`,`team_profit`,`bonus`,`trade`,`sell`,`buy`,`ts_in`,`ts_out` FROM `wallet` WHERE  `username` = '17788889999' LIMIT 1 [ RunTime:0.000824s ]
[ sql ] [ SQL ] SHOW COLUMNS FROM `dashboard` [ RunTime:0.001659s ]
[ sql ] [ SQL ] SELECT `username`,`power`,`team_power`,`team_count`,`authen`,`machine_count`,`machine_power`,`machine_expire`,`one`,`two`,`three`,`four`,`five`,`six`,`seven`,`eight`,`lv0`,`lv1`,`lv2`,`lv3`,`lv4`,`lv5`,`lv6`,`lv7`,`lv8` FROM `dashboard` WHERE  `username` = '17788889999' LIMIT 1 [ RunTime:0.001183s ]
[ sql ] [ SQL ] SHOW COLUMNS FROM `log` [ RunTime:0.003219s ]
[ sql ] [ SQL ] INSERT INTO `log` (`username` , `type` , `text` , `ip` , `ua` , `create_at`) VALUES ('17788889999' , 3 , NULL , '10.211.55.2' , 'Mozilla/5.0 (Macintosh; Intel Mac OS X 10_15_7) AppleWebKit/537.36 (KHTML, like Gecko) Chrome/92.0.4515.159 Safari/537.36' , '2021-09-07 12:08:58') [ RunTime:0.003206s ]
---------------------------------------------------------------
[ 2021-09-07T12:08:59+08:00 ] 10.211.55.2 GET /account.html
[ sql ] [ DB ] CONNECT:[ UseTime:0.001129s ] mysql:host=127.0.0.1;port=3306;dbname=nnd;charset=utf8
[ sql ] [ SQL ] SHOW COLUMNS FROM `config` [ RunTime:0.004937s ]
[ sql ] [ SQL ] SELECT * FROM `config` [ RunTime:0.001484s ]
[ sql ] [ SQL ] SHOW COLUMNS FROM `account` [ RunTime:0.001542s ]
[ sql ] [ SQL ] SELECT `uid`,`type`,`status`,`username`,`authen`,`inviter` FROM `account` WHERE  `username` = '17788889999' LIMIT 1 [ RunTime:0.000830s ]
[ sql ] [ SQL ] SHOW COLUMNS FROM `profile` [ RunTime:0.001547s ]
[ sql ] [ SQL ] SELECT `username`,`nickname`,`avatar`,`wechat`,`qq`,`alipay`,`realname`,`idcard`,`certificate`,`authen_reason`,`bankname`,`bankcard`,`bankaddress`,`phone`,`province`,`city`,`county` FROM `profile` WHERE  `username` = '17788889999' LIMIT 1 [ RunTime:0.000932s ]
[ sql ] [ SQL ] SHOW COLUMNS FROM `wallet` [ RunTime:0.001479s ]
[ sql ] [ SQL ] SELECT `username`,`money`,`deposit`,`score`,`score_deposit`,`spend`,`profit`,`team_profit`,`bonus`,`trade`,`sell`,`buy`,`ts_in`,`ts_out` FROM `wallet` WHERE  `username` = '17788889999' LIMIT 1 [ RunTime:0.001140s ]
[ sql ] [ SQL ] SHOW COLUMNS FROM `dashboard` [ RunTime:0.003177s ]
[ sql ] [ SQL ] SELECT `username`,`power`,`team_power`,`team_count`,`authen`,`machine_count`,`machine_power`,`machine_expire`,`one`,`two`,`three`,`four`,`five`,`six`,`seven`,`eight`,`lv0`,`lv1`,`lv2`,`lv3`,`lv4`,`lv5`,`lv6`,`lv7`,`lv8` FROM `dashboard` WHERE  `username` = '17788889999' LIMIT 1 [ RunTime:0.001015s ]
[ sql ] [ SQL ] SHOW COLUMNS FROM `article` [ RunTime:0.001795s ]
[ sql ] [ SQL ] SELECT `id`,`image`,`title`,`date` FROM `article` WHERE  `type` <> 8  AND `date` <= '2021-09-07 12:08:59' ORDER BY `top` DESC,`sort` DESC,`date` DESC LIMIT 5 [ RunTime:0.003353s ]
---------------------------------------------------------------
[ 2021-09-07T12:09:00+08:00 ] 10.211.55.2 POST /account/sync
[ sql ] [ DB ] CONNECT:[ UseTime:0.001155s ] mysql:host=127.0.0.1;port=3306;dbname=nnd;charset=utf8
[ sql ] [ SQL ] SHOW COLUMNS FROM `account` [ RunTime:0.002110s ]
[ sql ] [ SQL ] SELECT `type` FROM `account` WHERE  `username` = '17788889999' LIMIT 1 [ RunTime:0.000821s ]
[ sql ] [ SQL ] SELECT `uid`,`type`,`status`,`username`,`authen`,`inviter` FROM `account` WHERE  `username` = '17788889999' LIMIT 1 [ RunTime:0.000852s ]
[ sql ] [ SQL ] SHOW COLUMNS FROM `profile` [ RunTime:0.001530s ]
[ sql ] [ SQL ] SELECT `username`,`nickname`,`avatar`,`wechat`,`qq`,`alipay`,`realname`,`idcard`,`certificate`,`authen_reason`,`bankname`,`bankcard`,`bankaddress`,`phone`,`province`,`city`,`county` FROM `profile` WHERE  `username` = '17788889999' LIMIT 1 [ RunTime:0.001046s ]
[ sql ] [ SQL ] SHOW COLUMNS FROM `wallet` [ RunTime:0.001599s ]
[ sql ] [ SQL ] SELECT `username`,`money`,`deposit`,`score`,`score_deposit`,`spend`,`profit`,`team_profit`,`bonus`,`trade`,`sell`,`buy`,`ts_in`,`ts_out` FROM `wallet` WHERE  `username` = '17788889999' LIMIT 1 [ RunTime:0.001322s ]
[ sql ] [ SQL ] SHOW COLUMNS FROM `dashboard` [ RunTime:0.001813s ]
[ sql ] [ SQL ] SELECT `username`,`power`,`team_power`,`team_count`,`authen`,`machine_count`,`machine_power`,`machine_expire`,`one`,`two`,`three`,`four`,`five`,`six`,`seven`,`eight`,`lv0`,`lv1`,`lv2`,`lv3`,`lv4`,`lv5`,`lv6`,`lv7`,`lv8` FROM `dashboard` WHERE  `username` = '17788889999' LIMIT 1 [ RunTime:0.001386s ]
[ sql ] [ SQL ] SELECT COUNT(`id`) AS tp_count FROM `account` WHERE  `inviter` = '17788889999'  AND `authen` = 1 LIMIT 1 [ RunTime:0.002123s ]
[ sql ] [ SQL ] SELECT type, COUNT(id) AS count FROM `account` WHERE  `inviter` = '17788889999' GROUP BY `type` [ RunTime:0.001161s ]
---------------------------------------------------------------
[ 2021-09-07T12:10:25+08:00 ] 10.211.55.2 GET /
[ sql ] [ DB ] CONNECT:[ UseTime:0.001627s ] mysql:host=127.0.0.1;port=3306;dbname=nnd;charset=utf8
[ sql ] [ SQL ] SHOW COLUMNS FROM `config` [ RunTime:0.001956s ]
[ sql ] [ SQL ] SELECT * FROM `config` WHERE  `token` = 'hello.group' LIMIT 1 [ RunTime:0.001217s ]
---------------------------------------------------------------
[ 2021-09-07T12:10:25+08:00 ] 10.211.55.2 GET /account.html
[ sql ] [ DB ] CONNECT:[ UseTime:0.001163s ] mysql:host=127.0.0.1;port=3306;dbname=nnd;charset=utf8
[ sql ] [ SQL ] SHOW COLUMNS FROM `config` [ RunTime:0.001586s ]
[ sql ] [ SQL ] SELECT * FROM `config` [ RunTime:0.001002s ]
[ sql ] [ SQL ] SHOW COLUMNS FROM `account` [ RunTime:0.003332s ]
[ sql ] [ SQL ] SELECT `uid`,`type`,`status`,`username`,`authen`,`inviter` FROM `account` WHERE  `username` = '17788889999' LIMIT 1 [ RunTime:0.002445s ]
[ sql ] [ SQL ] SHOW COLUMNS FROM `profile` [ RunTime:0.002153s ]
[ sql ] [ SQL ] SELECT `username`,`nickname`,`avatar`,`wechat`,`qq`,`alipay`,`realname`,`idcard`,`certificate`,`authen_reason`,`bankname`,`bankcard`,`bankaddress`,`phone`,`province`,`city`,`county` FROM `profile` WHERE  `username` = '17788889999' LIMIT 1 [ RunTime:0.000864s ]
[ sql ] [ SQL ] SHOW COLUMNS FROM `wallet` [ RunTime:0.001436s ]
[ sql ] [ SQL ] SELECT `username`,`money`,`deposit`,`score`,`score_deposit`,`spend`,`profit`,`team_profit`,`bonus`,`trade`,`sell`,`buy`,`ts_in`,`ts_out` FROM `wallet` WHERE  `username` = '17788889999' LIMIT 1 [ RunTime:0.000892s ]
[ sql ] [ SQL ] SHOW COLUMNS FROM `dashboard` [ RunTime:0.001431s ]
[ sql ] [ SQL ] SELECT `username`,`power`,`team_power`,`team_count`,`authen`,`machine_count`,`machine_power`,`machine_expire`,`one`,`two`,`three`,`four`,`five`,`six`,`seven`,`eight`,`lv0`,`lv1`,`lv2`,`lv3`,`lv4`,`lv5`,`lv6`,`lv7`,`lv8` FROM `dashboard` WHERE  `username` = '17788889999' LIMIT 1 [ RunTime:0.001713s ]
[ sql ] [ SQL ] SHOW COLUMNS FROM `article` [ RunTime:0.003527s ]
[ sql ] [ SQL ] SELECT `id`,`image`,`title`,`date` FROM `article` WHERE  `type` <> 8  AND `date` <= '2021-09-07 12:10:25' ORDER BY `top` DESC,`sort` DESC,`date` DESC LIMIT 5 [ RunTime:0.000952s ]
---------------------------------------------------------------
[ 2021-09-07T12:10:27+08:00 ] 10.211.55.2 POST /account/sync
[ sql ] [ DB ] CONNECT:[ UseTime:0.001188s ] mysql:host=127.0.0.1;port=3306;dbname=nnd;charset=utf8
[ sql ] [ SQL ] SHOW COLUMNS FROM `account` [ RunTime:0.002625s ]
[ sql ] [ SQL ] SELECT `type` FROM `account` WHERE  `username` = '17788889999' LIMIT 1 [ RunTime:0.002111s ]
[ sql ] [ SQL ] SELECT `uid`,`type`,`status`,`username`,`authen`,`inviter` FROM `account` WHERE  `username` = '17788889999' LIMIT 1 [ RunTime:0.001367s ]
[ sql ] [ SQL ] SHOW COLUMNS FROM `profile` [ RunTime:0.001620s ]
[ sql ] [ SQL ] SELECT `username`,`nickname`,`avatar`,`wechat`,`qq`,`alipay`,`realname`,`idcard`,`certificate`,`authen_reason`,`bankname`,`bankcard`,`bankaddress`,`phone`,`province`,`city`,`county` FROM `profile` WHERE  `username` = '17788889999' LIMIT 1 [ RunTime:0.002003s ]
[ sql ] [ SQL ] SHOW COLUMNS FROM `wallet` [ RunTime:0.002484s ]
[ sql ] [ SQL ] SELECT `username`,`money`,`deposit`,`score`,`score_deposit`,`spend`,`profit`,`team_profit`,`bonus`,`trade`,`sell`,`buy`,`ts_in`,`ts_out` FROM `wallet` WHERE  `username` = '17788889999' LIMIT 1 [ RunTime:0.004552s ]
[ sql ] [ SQL ] SHOW COLUMNS FROM `dashboard` [ RunTime:0.002115s ]
[ sql ] [ SQL ] SELECT `username`,`power`,`team_power`,`team_count`,`authen`,`machine_count`,`machine_power`,`machine_expire`,`one`,`two`,`three`,`four`,`five`,`six`,`seven`,`eight`,`lv0`,`lv1`,`lv2`,`lv3`,`lv4`,`lv5`,`lv6`,`lv7`,`lv8` FROM `dashboard` WHERE  `username` = '17788889999' LIMIT 1 [ RunTime:0.001993s ]
[ sql ] [ SQL ] SELECT COUNT(`id`) AS tp_count FROM `account` WHERE  `inviter` = '17788889999'  AND `authen` = 1 LIMIT 1 [ RunTime:0.001526s ]
[ sql ] [ SQL ] SELECT type, COUNT(id) AS count FROM `account` WHERE  `inviter` = '17788889999' GROUP BY `type` [ RunTime:0.000889s ]
---------------------------------------------------------------
[ 2021-09-07T12:10:56+08:00 ] 10.211.55.2 GET /admin/login.html
[ sql ] [ DB ] CONNECT:[ UseTime:0.000878s ] mysql:host=127.0.0.1;port=3306;dbname=nnd;charset=utf8
[ sql ] [ SQL ] SHOW COLUMNS FROM `role` [ RunTime:0.002464s ]
[ sql ] [ SQL ] SELECT `rolename`,`type`,`content` FROM `role` WHERE  `id` IS NULL LIMIT 1 [ RunTime:0.000870s ]
[ sql ] [ SQL ] SHOW COLUMNS FROM `juris` [ RunTime:0.001634s ]
[ sql ] [ SQL ] SELECT * FROM `juris` WHERE  `id` = 0 [ RunTime:0.001063s ]
---------------------------------------------------------------
[ 2021-09-07T12:11:04+08:00 ] 10.211.55.2 POST /admin/login.html
[ sql ] [ DB ] CONNECT:[ UseTime:0.001325s ] mysql:host=127.0.0.1;port=3306;dbname=nnd;charset=utf8
[ sql ] [ SQL ] SHOW COLUMNS FROM `role` [ RunTime:0.004194s ]
[ sql ] [ SQL ] SELECT `rolename`,`type`,`content` FROM `role` WHERE  `id` IS NULL LIMIT 1 [ RunTime:0.000907s ]
[ sql ] [ SQL ] SHOW COLUMNS FROM `juris` [ RunTime:0.001618s ]
[ sql ] [ SQL ] SELECT * FROM `juris` WHERE  `id` = 0 [ RunTime:0.000783s ]
[ sql ] [ SQL ] SHOW COLUMNS FROM `admin` [ RunTime:0.002358s ]
[ sql ] [ SQL ] SELECT * FROM `admin` WHERE  `adminname` = 'admin'  AND `password` = 'admin' LIMIT 1 [ RunTime:0.000544s ]
---------------------------------------------------------------
[ 2021-09-07T12:11:08+08:00 ] 10.211.55.2 GET /admin/login.html
[ sql ] [ DB ] CONNECT:[ UseTime:0.001267s ] mysql:host=127.0.0.1;port=3306;dbname=nnd;charset=utf8
[ sql ] [ SQL ] SHOW COLUMNS FROM `role` [ RunTime:0.004386s ]
[ sql ] [ SQL ] SELECT `rolename`,`type`,`content` FROM `role` WHERE  `id` IS NULL LIMIT 1 [ RunTime:0.002814s ]
[ sql ] [ SQL ] SHOW COLUMNS FROM `juris` [ RunTime:0.004279s ]
[ sql ] [ SQL ] SELECT * FROM `juris` WHERE  `id` = 0 [ RunTime:0.001725s ]
---------------------------------------------------------------
[ 2021-09-07T12:11:16+08:00 ] 10.211.55.2 POST /admin/login.html
[ sql ] [ DB ] CONNECT:[ UseTime:0.000683s ] mysql:host=127.0.0.1;port=3306;dbname=nnd;charset=utf8
[ sql ] [ SQL ] SHOW COLUMNS FROM `role` [ RunTime:0.001355s ]
[ sql ] [ SQL ] SELECT `rolename`,`type`,`content` FROM `role` WHERE  `id` IS NULL LIMIT 1 [ RunTime:0.000629s ]
[ sql ] [ SQL ] SHOW COLUMNS FROM `juris` [ RunTime:0.002231s ]
[ sql ] [ SQL ] SELECT * FROM `juris` WHERE  `id` = 0 [ RunTime:0.004967s ]
[ sql ] [ SQL ] SHOW COLUMNS FROM `admin` [ RunTime:0.001418s ]
[ sql ] [ SQL ] SELECT * FROM `admin` WHERE  `adminname` = 'admin'  AND `password` = '123456' LIMIT 1 [ RunTime:0.001113s ]
---------------------------------------------------------------
[ 2021-09-07T12:11:20+08:00 ] 10.211.55.2 GET /admin/login.html
[ sql ] [ DB ] CONNECT:[ UseTime:0.000800s ] mysql:host=127.0.0.1;port=3306;dbname=nnd;charset=utf8
[ sql ] [ SQL ] SHOW COLUMNS FROM `role` [ RunTime:0.001245s ]
[ sql ] [ SQL ] SELECT `rolename`,`type`,`content` FROM `role` WHERE  `id` IS NULL LIMIT 1 [ RunTime:0.000768s ]
[ sql ] [ SQL ] SHOW COLUMNS FROM `juris` [ RunTime:0.001621s ]
[ sql ] [ SQL ] SELECT * FROM `juris` WHERE  `id` = 0 [ RunTime:0.001074s ]
---------------------------------------------------------------
[ 2021-09-07T12:13:39+08:00 ] 10.211.55.2 POST /admin/login.html
[ sql ] [ DB ] CONNECT:[ UseTime:0.001106s ] mysql:host=127.0.0.1;port=3306;dbname=nnd;charset=utf8
[ sql ] [ SQL ] SHOW COLUMNS FROM `role` [ RunTime:0.001469s ]
[ sql ] [ SQL ] SELECT `rolename`,`type`,`content` FROM `role` WHERE  `id` IS NULL LIMIT 1 [ RunTime:0.001176s ]
[ sql ] [ SQL ] SHOW COLUMNS FROM `juris` [ RunTime:0.002487s ]
[ sql ] [ SQL ] SELECT * FROM `juris` WHERE  `id` = 0 [ RunTime:0.001526s ]
[ sql ] [ SQL ] SHOW COLUMNS FROM `admin` [ RunTime:0.002161s ]
[ sql ] [ SQL ] SELECT * FROM `admin` WHERE  `adminname` = 'admin'  AND `password` = '4221225sx' LIMIT 1 [ RunTime:0.000918s ]
---------------------------------------------------------------
[ 2021-09-07T12:13:40+08:00 ] 10.211.55.2 GET /admin.html
[ sql ] [ DB ] CONNECT:[ UseTime:0.000912s ] mysql:host=127.0.0.1;port=3306;dbname=nnd;charset=utf8
[ sql ] [ SQL ] SHOW COLUMNS FROM `role` [ RunTime:0.002058s ]
[ sql ] [ SQL ] SELECT `rolename`,`type`,`content` FROM `role` WHERE  `id` = 2 LIMIT 1 [ RunTime:0.004108s ]
[ sql ] [ SQL ] SHOW COLUMNS FROM `account` [ RunTime:0.002080s ]
[ sql ] [ SQL ] SELECT authen, count(id) AS number FROM `account` GROUP BY `authen` [ RunTime:0.001291s ]
[ sql ] [ SQL ] SHOW COLUMNS FROM `trade` [ RunTime:0.001614s ]
[ sql ] [ SQL ] SELECT type, count(id) AS number FROM `trade` GROUP BY `type` [ RunTime:0.001207s ]
[ sql ] [ SQL ] SELECT DATE_FORMAT(`create_at`, "%Y-%m-%d") AS date, COUNT(id) AS number FROM `trade` WHERE  `create_at` >= '2021-08-07' GROUP BY `date` [ RunTime:0.001855s ]
[ sql ] [ SQL ] SELECT `p`.`avatar`,`p`.`idcard`,`p`.`username`,`p`.`nickname`,`t`.`tid`,`t`.`status`,`t`.`number`,`t`.`price` FROM `trade` `t` INNER JOIN `profile` `p` ON `p`.`username`=`t`.`owner` ORDER BY `t`.`create_at` DESC LIMIT 5 [ RunTime:0.002828s ]
[ sql ] [ SQL ] SELECT type, status, COUNT(id) AS count, SUM(number) number, SUM(price * number) price FROM `trade` GROUP BY `type`,`status` [ RunTime:0.002982s ]
[ sql ] [ SQL ] SHOW COLUMNS FROM `store` [ RunTime:0.001594s ]
[ sql ] [ SQL ] SELECT * FROM `store` WHERE  `catalog` = 1 ORDER BY `income` DESC [ RunTime:0.004495s ]
[ sql ] [ SQL ] SHOW COLUMNS FROM `machine` [ RunTime:0.002225s ]
[ sql ] [ SQL ] SELECT product, COUNT(id) AS count FROM `machine` WHERE  `profit` < `income` GROUP BY `product` [ RunTime:0.002076s ]
[ sql ] [ SQL ] SELECT product, COUNT(id) AS count FROM `machine` WHERE  `profit` >= `income` GROUP BY `product` [ RunTime:0.001723s ]
[ sql ] [ SQL ] SHOW COLUMNS FROM `clock` [ RunTime:0.002117s ]
[ sql ] [ SQL ] SELECT m.product, SUM(c.money) profit FROM `clock` `c` INNER JOIN `machine` `m` ON `m`.`mid`=`c`.`mid` INNER JOIN `store` `s` ON `s`.`id`=`m`.`product` WHERE  `c`.`create_at` > '2021-09-07' GROUP BY `m`.`product` [ RunTime:0.001582s ]
[ sql ] [ SQL ] SELECT m.product, SUM(c.money) profit FROM `clock` `c` INNER JOIN `machine` `m` ON `m`.`mid`=`c`.`mid` INNER JOIN `store` `s` ON `s`.`id`=`m`.`product` GROUP BY `m`.`product` [ RunTime:0.003580s ]
